Sun May 28 12:07:51 CST 2017  [debug] AvalonLogSystem initialized using logfile 'Z:\mzy\mengzhaoyang\yksdy\LongLeg\.metadata\.plugins\com.genuitec.eclipse.templates\velocity.log'
Sun May 28 12:07:51 CST 2017   [info] ************************************************************** 
Sun May 28 12:07:51 CST 2017   [info] Starting Jakarta Velocity v1.4
Sun May 28 12:07:51 CST 2017   [info] RuntimeInstance initializing.
Sun May 28 12:07:51 CST 2017   [info] Default Properties File: org\apache\velocity\runtime\defaults\velocity.properties
Sun May 28 12:07:51 CST 2017   [info] Trying to use logger class org.apache.velocity.runtime.log.AvalonLogSystem
Sun May 28 12:07:51 CST 2017   [info] Using logger class org.apache.velocity.runtime.log.AvalonLogSystem
Sun May 28 12:07:51 CST 2017   [info] Default ResourceManager initializing. (class org.apache.velocity.runtime.resource.ResourceManagerImpl)
Sun May 28 12:07:51 CST 2017   [info] Resource Loader Instantiated: com.genuitec.eclipse.templates.internal.PluginResourceLoader
Sun May 28 12:07:51 CST 2017   [info] ResourceCache : initialized. (class org.apache.velocity.runtime.resource.ResourceCacheImpl)
Sun May 28 12:07:51 CST 2017   [info] Default ResourceManager initialization complete.
Sun May 28 12:07:51 CST 2017   [info] Loaded System Directive: org.apache.velocity.runtime.directive.Literal
Sun May 28 12:07:51 CST 2017   [info] Loaded System Directive: org.apache.velocity.runtime.directive.Macro
Sun May 28 12:07:51 CST 2017   [info] Loaded System Directive: org.apache.velocity.runtime.directive.Parse
Sun May 28 12:07:51 CST 2017   [info] Loaded System Directive: org.apache.velocity.runtime.directive.Include
Sun May 28 12:07:51 CST 2017   [info] Loaded System Directive: org.apache.velocity.runtime.directive.Foreach
Sun May 28 12:07:51 CST 2017   [info] Created: 20 parsers.
Sun May 28 12:07:51 CST 2017   [info] Velocimacro : initialization starting.
Sun May 28 12:07:51 CST 2017   [info] Velocimacro : adding VMs from VM library template : VM_global_library.vm
Sun May 28 12:07:51 CST 2017  [error] ResourceManager : unable to find resource 'VM_global_library.vm' in any resource loader.
Sun May 28 12:07:51 CST 2017   [info] Velocimacro : error using  VM library template VM_global_library.vm : org.apache.velocity.exception.ResourceNotFoundException: Unable to find resource 'VM_global_library.vm'
Sun May 28 12:07:51 CST 2017   [info] Velocimacro :  VM library template macro registration complete.
Sun May 28 12:07:51 CST 2017   [info] Velocimacro : allowInline = true : VMs can be defined inline in templates
Sun May 28 12:07:51 CST 2017   [info] Velocimacro : allowInlineToOverride = true : VMs defined inline may replace previous VM definitions
Sun May 28 12:07:51 CST 2017   [info] Velocimacro : allowInlineLocal = true : VMs defined inline will be local to their defining template only.
Sun May 28 12:07:51 CST 2017   [info] Velocimacro : messages on  : VM system will output logging messages
Sun May 28 12:07:51 CST 2017   [info] Velocimacro : autoload off  : VM system will not automatically reload global library macros
Sun May 28 12:07:51 CST 2017   [info] Velocimacro : initialization complete.
Sun May 28 12:07:51 CST 2017   [info] Velocity successfully started.
Sun May 28 12:07:51 CST 2017   [info] ResourceManager : found templates/html/Html.vtl with loader com.genuitec.eclipse.templates.internal.PluginResourceLoader
Sun May 28 12:07:51 CST 2017   [info] ResourceManager : found templates/html/HTMLMetaTags.vtl with loader com.genuitec.eclipse.templates.internal.PluginResourceLoader
Sun May 28 17:05:40 CST 2017   [info] ResourceManager : found templates/html/Html.vtl with loader com.genuitec.eclipse.templates.internal.PluginResourceLoader
Sun May 28 17:05:40 CST 2017   [info] ResourceManager : found templates/html/HTMLMetaTags.vtl with loader com.genuitec.eclipse.templates.internal.PluginResourceLoader
Mon May 29 07:32:41 CST 2017   [info] ResourceManager : found templates/html/Html.vtl with loader com.genuitec.eclipse.templates.internal.PluginResourceLoader
Mon May 29 07:32:41 CST 2017   [info] ResourceManager : found templates/html/HTMLMetaTags.vtl with loader com.genuitec.eclipse.templates.internal.PluginResourceLoader
